<?xml version="1.0" encoding="UTF-8"?>
<testsuite name="CollectionUtilsTest" tests="1" skipped="0" failures="0" errors="0" timestamp="2015-09-01T13:50:06" hostname="L-CND52910HJ" time="0.002">
  <properties/>
  <testcase name="testje" classname="CollectionUtilsTest" time="0.002"/>
  <system-out><![CDATA[]]></system-out>
  <system-err><![CDATA[]]></system-err>
</testsuite>
